<?xml version="1.0" encoding="UTF-8"?>
<testsuite xmlns:xsi="http://www.w3.org/2001/XMLSchema-instance" xsi:noNamespaceSchemaLocation="https://maven.apache.org/surefire/maven-surefire-plugin/xsd/surefire-test-report.xsd" version="3.0.2" name="com.edutech.inscripciones.controller.InscripcionesControllerTest" time="14.533" tests="5" errors="0" skipped="0" failures="0">
  <properties>
[...]
</properties>
  <testcase name="testActualizarInscripcion" classname="com.edutech.inscripciones.controller.InscripcionesControllerTest" time="0.405">
    <system-out><![CDATA[01:40:05.267 [main] INFO org.springframework.test.context.support.AnnotationConfigContextLoaderUtils -- Could not detect default configuration classes for test class [com.edutech.inscripciones.controller.InscripcionesControllerTest]: InscripcionesControllerTest does not declare any static, non-private, non-final, nested classes annotated with @Configuration.
01:40:05.678 [main] INFO org.springframework.boot.test.context.SpringBootTestContextBootstrapper -- Found @SpringBootConfiguration com.edutech.inscripciones.InscripcionesApplication for test class com.edutech.inscripciones.controller.InscripcionesControllerTest
01:40:06.099 [main] INFO org.springframework.boot.devtools.restart.RestartApplicationListener -- Restart disabled due to context in which it is running

  .   ____          _            __ _ _
 /\\ / ___'_ __ _ _(_)_ __  __ _ \ \ \ \
( ( )\___ | '_ | '_| | '_ \/ _` | \ \ \ \
 \\/  ___)| |_)| | | | | || (_| |  ) ) ) )
  '  |____| .__|_| |_|_| |_\__, | / / / /
 =========|_|==============|___/=/_/_/_/

 :: Spring Boot ::                (v3.5.2)

2025-06-24T01:40:06.883-04:00  INFO 30328 --- [inscripciones] [           main] c.e.i.c.InscripcionesControllerTest      : Starting InscripcionesControllerTest using Java 24.0.1 with PID 30328 (started by aleja in D:\DUOC\3er Semestre\DESARROLLO FULLSTACK I\EA3\Experiencia 3 Caso nombre EduTech Innovators SPA\Exp3_Reyes_Torrejon\Proyectos\inscripciones)
2025-06-24T01:40:06.886-04:00  INFO 30328 --- [inscripciones] [           main] c.e.i.c.InscripcionesControllerTest      : No active profile set, falling back to 1 default profile: "default"
2025-06-24T01:40:09.460-04:00  INFO 30328 --- [inscripciones] [           main] .s.d.r.c.RepositoryConfigurationDelegate : Bootstrapping Spring Data JPA repositories in DEFAULT mode.
2025-06-24T01:40:09.673-04:00  INFO 30328 --- [inscripciones] [           main] .s.d.r.c.RepositoryConfigurationDelegate : Finished Spring Data repository scanning in 192 ms. Found 1 JPA repository interface.
2025-06-24T01:40:11.861-04:00  INFO 30328 --- [inscripciones] [           main] o.hibernate.jpa.internal.util.LogHelper  : HHH000204: Processing PersistenceUnitInfo [name: default]
2025-06-24T01:40:11.940-04:00  INFO 30328 --- [inscripciones] [           main] org.hibernate.Version                    : HHH000412: Hibernate ORM core version 6.6.18.Final
2025-06-24T01:40:11.985-04:00  INFO 30328 --- [inscripciones] [           main] o.h.c.internal.RegionFactoryInitiator    : HHH000026: Second-level cache disabled
2025-06-24T01:40:12.196-04:00  INFO 30328 --- [inscripciones] [           main] o.s.o.j.p.SpringPersistenceUnitInfo      : No LoadTimeWeaver setup: ignoring JPA class transformer
2025-06-24T01:40:12.240-04:00  INFO 30328 --- [inscripciones] [           main] com.zaxxer.hikari.HikariDataSource       : HikariPool-1 - Starting...
2025-06-24T01:40:12.579-04:00  INFO 30328 --- [inscripciones] [           main] com.zaxxer.hikari.pool.HikariPool        : HikariPool-1 - Added connection com.mysql.cj.jdbc.ConnectionImpl@5c34b0f2
2025-06-24T01:40:12.582-04:00  INFO 30328 --- [inscripciones] [           main] com.zaxxer.hikari.HikariDataSource       : HikariPool-1 - Start completed.
2025-06-24T01:40:12.653-04:00  WARN 30328 --- [inscripciones] [           main] org.hibernate.orm.deprecation            : HHH90000025: MySQLDialect does not need to be specified explicitly using 'hibernate.dialect' (remove the property setting and it will be selected by default)
2025-06-24T01:40:12.689-04:00  INFO 30328 --- [inscripciones] [           main] org.hibernate.orm.connections.pooling    : HHH10001005: Database info:
	Database JDBC URL [Connecting through datasource 'HikariDataSource (HikariPool-1)']
	Database driver: undefined/unknown
	Database version: 8.0.42
	Autocommit mode: undefined/unknown
	Isolation level: undefined/unknown
	Minimum pool size: undefined/unknown
	Maximum pool size: undefined/unknown
2025-06-24T01:40:14.130-04:00  INFO 30328 --- [inscripciones] [           main] o.h.e.t.j.p.i.JtaPlatformInitiator       : HHH000489: No JTA platform available (set 'hibernate.transaction.jta.platform' to enable JTA platform integration)
2025-06-24T01:40:14.212-04:00  INFO 30328 --- [inscripciones] [           main] j.LocalContainerEntityManagerFactoryBean : Initialized JPA EntityManagerFactory for persistence unit 'default'
2025-06-24T01:40:15.068-04:00  WARN 30328 --- [inscripciones] [           main] JpaBaseConfiguration$JpaWebConfiguration : spring.jpa.open-in-view is enabled by default. Therefore, database queries may be performed during view rendering. Explicitly configure spring.jpa.open-in-view to disable this warning
2025-06-24T01:40:18.295-04:00  INFO 30328 --- [inscripciones] [           main] o.s.b.t.m.w.SpringBootMockServletContext : Initializing Spring TestDispatcherServlet ''
2025-06-24T01:40:18.296-04:00  INFO 30328 --- [inscripciones] [           main] o.s.t.web.servlet.TestDispatcherServlet  : Initializing Servlet ''
2025-06-24T01:40:18.310-04:00  INFO 30328 --- [inscripciones] [           main] o.s.b.a.e.web.EndpointLinksResolver      : Exposing 1 endpoint beneath base path '/actuator'
2025-06-24T01:40:18.337-04:00  INFO 30328 --- [inscripciones] [           main] o.s.t.web.servlet.TestDispatcherServlet  : Completed initialization in 40 ms
2025-06-24T01:40:18.752-04:00  INFO 30328 --- [inscripciones] [           main] c.e.i.c.InscripcionesControllerTest      : Started InscripcionesControllerTest in 12.685 seconds (process running for 14.848)
]]></system-out>
    <system-err><![CDATA[Mockito is currently self-attaching to enable the inline-mock-maker. This will no longer work in future releases of the JDK. Please add Mockito as an agent to your build as described in Mockito's documentation: https://javadoc.io/doc/org.mockito/mockito-core/latest/org.mockito/org/mockito/Mockito.html#0.3
WARNING: A Java agent has been loaded dynamically (C:\Users\aleja\.m2\repository\net\bytebuddy\byte-buddy-agent\1.17.6\byte-buddy-agent-1.17.6.jar)
WARNING: If a serviceability tool is in use, please run with -XX:+EnableDynamicAgentLoading to hide this warning
WARNING: If a serviceability tool is not in use, please run with -Djdk.instrument.traceUsage for more information
WARNING: Dynamic loading of agents will be disallowed by default in a future release
]]></system-err>
  </testcase>
  <testcase name="testEliminarInscripcion" classname="com.edutech.inscripciones.controller.InscripcionesControllerTest" time="0.037"/>
  <testcase name="testListarInscripciones" classname="com.edutech.inscripciones.controller.InscripcionesControllerTest" time="0.019"/>
  <testcase name="testObtenerInscripcionPorId" classname="com.edutech.inscripciones.controller.InscripcionesControllerTest" time="0.038"/>
  <testcase name="testCrearInscripcion" classname="com.edutech.inscripciones.controller.InscripcionesControllerTest" time="0.021"/>
</testsuite>