<?xml version="1.0" encoding="UTF-8"?>
<testsuite xmlns:xsi="http://www.w3.org/2001/XMLSchema-instance" xsi:noNamespaceSchemaLocation="https://maven.apache.org/surefire/maven-surefire-plugin/xsd/surefire-test-report.xsd" version="3.0.2" name="com.edutech.cursos.controller.CursoControllerTest" time="13.874" tests="5" errors="0" skipped="0" failures="0">
  <properties>
[...]
</properties>
  <testcase name="testActualizarCurso" classname="com.edutech.cursos.controller.CursoControllerTest" time="0.558">
    <system-out><![CDATA[23:57:34.166 [main] INFO org.springframework.test.context.support.AnnotationConfigContextLoaderUtils -- Could not detect default configuration classes for test class [com.edutech.cursos.controller.CursoControllerTest]: CursoControllerTest does not declare any static, non-private, non-final, nested classes annotated with @Configuration.
23:57:34.570 [main] INFO org.springframework.boot.test.context.SpringBootTestContextBootstrapper -- Found @SpringBootConfiguration com.edutech.cursos.CursosApplication for test class com.edutech.cursos.controller.CursoControllerTest
23:57:35.196 [main] INFO org.springframework.boot.devtools.restart.RestartApplicationListener -- Restart disabled due to context in which it is running

  .   ____          _            __ _ _
 /\\ / ___'_ __ _ _(_)_ __  __ _ \ \ \ \
( ( )\___ | '_ | '_| | '_ \/ _` | \ \ \ \
 \\/  ___)| |_)| | | | | || (_| |  ) ) ) )
  '  |____| .__|_| |_|_| |_\__, | / / / /
 =========|_|==============|___/=/_/_/_/

 :: Spring Boot ::                (v3.5.2)

2025-06-22T23:57:36.044-04:00  INFO 8372 --- [usuarios] [           main] c.e.c.controller.CursoControllerTest     : Starting CursoControllerTest using Java 24.0.1 with PID 8372 (started by aleja in D:\DUOC\3er Semestre\DESARROLLO FULLSTACK I\EA3\Experiencia 3 Caso nombre EduTech Innovators SPA\Exp3_Reyes_Torrejon\Proyectos\cursos\cursos)
2025-06-22T23:57:36.049-04:00  INFO 8372 --- [usuarios] [           main] c.e.c.controller.CursoControllerTest     : No active profile set, falling back to 1 default profile: "default"
2025-06-22T23:57:37.815-04:00  INFO 8372 --- [usuarios] [           main] .s.d.r.c.RepositoryConfigurationDelegate : Bootstrapping Spring Data JPA repositories in DEFAULT mode.
2025-06-22T23:57:37.929-04:00  INFO 8372 --- [usuarios] [           main] .s.d.r.c.RepositoryConfigurationDelegate : Finished Spring Data repository scanning in 91 ms. Found 1 JPA repository interface.
2025-06-22T23:57:40.657-04:00  INFO 8372 --- [usuarios] [           main] o.hibernate.jpa.internal.util.LogHelper  : HHH000204: Processing PersistenceUnitInfo [name: default]
2025-06-22T23:57:40.874-04:00  INFO 8372 --- [usuarios] [           main] org.hibernate.Version                    : HHH000412: Hibernate ORM core version 6.6.18.Final
2025-06-22T23:57:40.986-04:00  INFO 8372 --- [usuarios] [           main] o.h.c.internal.RegionFactoryInitiator    : HHH000026: Second-level cache disabled
2025-06-22T23:57:41.460-04:00  INFO 8372 --- [usuarios] [           main] o.s.o.j.p.SpringPersistenceUnitInfo      : No LoadTimeWeaver setup: ignoring JPA class transformer
2025-06-22T23:57:41.641-04:00  INFO 8372 --- [usuarios] [           main] com.zaxxer.hikari.HikariDataSource       : HikariPool-1 - Starting...
2025-06-22T23:57:42.204-04:00  INFO 8372 --- [usuarios] [           main] com.zaxxer.hikari.pool.HikariPool        : HikariPool-1 - Added connection com.mysql.cj.jdbc.ConnectionImpl@34f48d1
2025-06-22T23:57:42.209-04:00  INFO 8372 --- [usuarios] [           main] com.zaxxer.hikari.HikariDataSource       : HikariPool-1 - Start completed.
2025-06-22T23:57:42.350-04:00  WARN 8372 --- [usuarios] [           main] org.hibernate.orm.deprecation            : HHH90000025: MySQLDialect does not need to be specified explicitly using 'hibernate.dialect' (remove the property setting and it will be selected by default)
2025-06-22T23:57:42.415-04:00  INFO 8372 --- [usuarios] [           main] org.hibernate.orm.connections.pooling    : HHH10001005: Database info:
	Database JDBC URL [Connecting through datasource 'HikariDataSource (HikariPool-1)']
	Database driver: undefined/unknown
	Database version: 8.0.42
	Autocommit mode: undefined/unknown
	Isolation level: undefined/unknown
	Minimum pool size: undefined/unknown
	Maximum pool size: undefined/unknown
2025-06-22T23:57:44.094-04:00  INFO 8372 --- [usuarios] [           main] o.h.e.t.j.p.i.JtaPlatformInitiator       : HHH000489: No JTA platform available (set 'hibernate.transaction.jta.platform' to enable JTA platform integration)
2025-06-22T23:57:44.206-04:00  INFO 8372 --- [usuarios] [           main] j.LocalContainerEntityManagerFactoryBean : Initialized JPA EntityManagerFactory for persistence unit 'default'
2025-06-22T23:57:44.996-04:00  WARN 8372 --- [usuarios] [           main] JpaBaseConfiguration$JpaWebConfiguration : spring.jpa.open-in-view is enabled by default. Therefore, database queries may be performed during view rendering. Explicitly configure spring.jpa.open-in-view to disable this warning
2025-06-22T23:57:45.093-04:00  INFO 8372 --- [usuarios] [           main] o.s.b.a.w.s.WelcomePageHandlerMapping    : Adding welcome page: class path resource [static/index.html]
2025-06-22T23:57:46.817-04:00  INFO 8372 --- [usuarios] [           main] o.s.b.t.m.w.SpringBootMockServletContext : Initializing Spring TestDispatcherServlet ''
2025-06-22T23:57:46.818-04:00  INFO 8372 --- [usuarios] [           main] o.s.t.web.servlet.TestDispatcherServlet  : Initializing Servlet ''
2025-06-22T23:57:46.822-04:00  INFO 8372 --- [usuarios] [           main] o.s.t.web.servlet.TestDispatcherServlet  : Completed initialization in 3 ms
2025-06-22T23:57:46.885-04:00  INFO 8372 --- [usuarios] [           main] c.e.c.controller.CursoControllerTest     : Started CursoControllerTest in 11.748 seconds (process running for 14.938)
]]></system-out>
    <system-err><![CDATA[Mockito is currently self-attaching to enable the inline-mock-maker. This will no longer work in future releases of the JDK. Please add Mockito as an agent to your build as described in Mockito's documentation: https://javadoc.io/doc/org.mockito/mockito-core/latest/org.mockito/org/mockito/Mockito.html#0.3
WARNING: A Java agent has been loaded dynamically (C:\Users\aleja\.m2\repository\net\bytebuddy\byte-buddy-agent\1.17.6\byte-buddy-agent-1.17.6.jar)
WARNING: If a serviceability tool is in use, please run with -XX:+EnableDynamicAgentLoading to hide this warning
WARNING: If a serviceability tool is not in use, please run with -Djdk.instrument.traceUsage for more information
WARNING: Dynamic loading of agents will be disallowed by default in a future release
]]></system-err>
  </testcase>
  <testcase name="testListarCursos" classname="com.edutech.cursos.controller.CursoControllerTest" time="0.02"/>
  <testcase name="testObtenerCursoPorId" classname="com.edutech.cursos.controller.CursoControllerTest" time="0.04"/>
  <testcase name="testCrearCurso" classname="com.edutech.cursos.controller.CursoControllerTest" time="0.02"/>
  <testcase name="testEliminarCurso" classname="com.edutech.cursos.controller.CursoControllerTest" time="0.04"/>
</testsuite>